[22:24:29] [main/INFO] (FabricLoader/GameProvider) Loading Minecraft 1.20.1 with Fabric Loader 0.14.21
[22:24:29] [ForkJoinPool-1-worker-1/WARN] (FabricLoader/Metadata) Mod kura uses the version unspecified which isn't compatible with Loader's extended semantic version format (Could not parse version number component 'unspecified'!), SemVer is recommended for reliably evaluating dependencies and prioritizing newer version
[22:24:29] [main/INFO] (FabricLoader) Loading 57 mods:
	- fabric-api 0.90.7+1.20.1
	- fabric-api-base 0.4.30+7abfd51577
	- fabric-api-lookup-api-v1 1.6.35+4d8536c977
	- fabric-biome-api-v1 13.0.12+215bbe9677
	- fabric-block-api-v1 1.0.10+92a0d36777
	- fabric-block-view-api-v2 1.0.0+92a0d36777
	- fabric-blockrenderlayer-v1 1.1.40+b3afc78b77
	- fabric-client-tags-api-v1 1.1.1+97bb207577
	- fabric-command-api-v1 1.2.33+f71b366f77
	- fabric-command-api-v2 2.2.12+b3afc78b77
	- fabric-commands-v0 0.2.50+df3654b377
	- fabric-containers-v0 0.1.63+df3654b377
	- fabric-content-registries-v0 4.0.10+57aed33f77
	- fabric-convention-tags-v1 1.5.4+a1a980da77
	- fabric-crash-report-info-v1 0.2.18+aeb40ebe77
	- fabric-data-generation-api-v1 12.3.2+d7b148e077
	- fabric-dimensions-v1 2.1.53+8536527b77
	- fabric-entity-events-v1 1.5.22+b3afc78b77
	- fabric-events-interaction-v0 0.6.1+e91849a877
	- fabric-events-lifecycle-v0 0.2.62+df3654b377
	- fabric-game-rule-api-v1 1.0.39+ae9f657a77
	- fabric-gametest-api-v1 1.2.12+b3afc78b77
	- fabric-item-api-v1 2.1.27+b3afc78b77
	- fabric-item-group-api-v1 4.0.11+d7b148e077
	- fabric-key-binding-api-v1 1.0.36+fb8d95da77
	- fabric-keybindings-v0 0.2.34+df3654b377
	- fabric-lifecycle-events-v1 2.2.21+b3afc78b77
	- fabric-loot-api-v2 1.2.0+96dfa95977
	- fabric-loot-tables-v1 1.1.44+9e7660c677
	- fabric-message-api-v1 5.1.8+d7b148e077
	- fabric-mining-level-api-v1 2.1.49+b3afc78b77
	- fabric-model-loading-api-v1 1.0.2+709a987177
	- fabric-models-v0 0.4.1+9386d8a777
	- fabric-networking-api-v1 1.3.10+eeb8eb3677
	- fabric-networking-v0 0.3.50+df3654b377
	- fabric-object-builder-api-v1 11.1.2+4ee0bc6077
	- fabric-particles-v1 1.1.1+201a23a077
	- fabric-recipe-api-v1 1.0.20+b3afc78b77
	- fabric-registry-sync-v0 2.3.2+4df89eb277
	- fabric-renderer-api-v1 3.2.0+39a511ba77
	- fabric-renderer-indigo 1.5.0+39a511ba77
	- fabric-renderer-registries-v1 3.2.45+df3654b377
	- fabric-rendering-data-attachment-v1 0.3.36+92a0d36777
	- fabric-rendering-fluids-v1 3.0.27+b3afc78b77
	- fabric-rendering-v0 1.1.48+df3654b377
	- fabric-rendering-v1 3.0.7+b3afc78b77
	- fabric-resource-conditions-api-v1 2.3.6+d7b148e077
	- fabric-resource-loader-v0 0.11.9+132c48c177
	- fabric-screen-api-v1 2.0.7+b3afc78b77
	- fabric-screen-handler-api-v1 1.3.29+b3afc78b77
	- fabric-sound-api-v1 1.0.12+b3afc78b77
	- fabric-transfer-api-v1 3.3.2+1bc31aeb77
	- fabric-transitive-access-wideners-v1 4.3.0+6c31357e77
	- fabricloader 0.14.21
	- java 17
	- kura unspecified
	- minecraft 1.20.1
[22:24:29] [main/INFO] (FabricLoader/Mixin) SpongePowered MIXIN Subsystem Version=0.8.5 Source=file:/C:/Users/Administrator/.gradle/caches/modules-2/files-2.1/net.fabricmc/sponge-mixin/0.12.5+mixin.0.8.5/8d31fb97c3e0cd7c8dad3441851c523bcfae6d8e/sponge-mixin-0.12.5+mixin.0.8.5.jar Service=Knot/Fabric Env=CLIENT
[22:24:29] [main/INFO] (FabricLoader/Mixin) Loaded Fabric development mappings for mixin remapper!
[22:24:29] [main/INFO] (FabricLoader/Mixin) Compatibility level set to JAVA_16
[22:24:29] [main/INFO] (FabricLoader/Mixin) Compatibility level set to JAVA_17
[22:24:38] [Datafixer Bootstrap/INFO] (Minecraft) 188 Datafixer optimizations took 183 milliseconds
[22:24:42] [Render thread/INFO] (Minecraft) Environment: authHost='https://authserver.mojang.com', accountsHost='https://api.mojang.com', sessionHost='https://sessionserver.mojang.com', servicesHost='https://api.minecraftservices.com', name='PROD'
[22:24:44] [Render thread/ERROR] (Minecraft) Failed to verify authentication
com.mojang.authlib.exceptions.InvalidCredentialsException: Status: 401
	at com.mojang.authlib.exceptions.MinecraftClientHttpException.toAuthenticationException(MinecraftClientHttpException.java:56) ~[authlib-4.0.43.jar:?]
	at com.mojang.authlib.yggdrasil.YggdrasilUserApiService.fetchProperties(YggdrasilUserApiService.java:156) ~[authlib-4.0.43.jar:?]
	at com.mojang.authlib.yggdrasil.YggdrasilUserApiService.<init>(YggdrasilUserApiService.java:55) ~[authlib-4.0.43.jar:?]
	at com.mojang.authlib.yggdrasil.YggdrasilAuthenticationService.createUserApiService(YggdrasilAuthenticationService.java:124) ~[authlib-4.0.43.jar:?]
	at net.minecraft.client.MinecraftClient.createUserApiService(MinecraftClient.java:733) ~[minecraft-merged-745b625d0d-1.20.1-net.fabricmc.yarn.1_20_1.1.20.1+build.10-v2.jar:?]
	at net.minecraft.client.MinecraftClient.<init>(MinecraftClient.java:442) ~[minecraft-merged-745b625d0d-1.20.1-net.fabricmc.yarn.1_20_1.1.20.1+build.10-v2.jar:?]
	at net.minecraft.client.main.Main.main(Main.java:211) ~[minecraft-merged-745b625d0d-1.20.1-net.fabricmc.yarn.1_20_1.1.20.1+build.10-v2.jar:?]
	at net.fabricmc.loader.impl.game.minecraft.MinecraftGameProvider.launch(MinecraftGameProvider.java:468) ~[fabric-loader-0.14.21.jar:?]
	at net.fabricmc.loader.impl.launch.knot.Knot.launch(Knot.java:74) ~[fabric-loader-0.14.21.jar:?]
	at net.fabricmc.loader.impl.launch.knot.KnotClient.main(KnotClient.java:23) ~[fabric-loader-0.14.21.jar:?]
	at net.fabricmc.devlaunchinjector.Main.main(Main.java:86) ~[dev-launch-injector-0.2.1+build.8.jar:?]
Caused by: com.mojang.authlib.exceptions.MinecraftClientHttpException: Status: 401
	at com.mojang.authlib.minecraft.client.MinecraftClient.readInputStream(MinecraftClient.java:85) ~[authlib-4.0.43.jar:?]
	at com.mojang.authlib.minecraft.client.MinecraftClient.get(MinecraftClient.java:48) ~[authlib-4.0.43.jar:?]
	at com.mojang.authlib.yggdrasil.YggdrasilUserApiService.fetchProperties(YggdrasilUserApiService.java:129) ~[authlib-4.0.43.jar:?]
	... 9 more
[22:24:44] [Render thread/INFO] (Minecraft) Setting user: Player199
[22:24:45] [Render thread/INFO] (Indigo) [Indigo] Registering Indigo renderer!
[22:24:45] [Render thread/INFO] (Minecraft) Backend library: LWJGL version 3.3.1 SNAPSHOT
[22:24:47] [Render thread/WARN] (FabricLoader/Mixin) @Final field ICONS:Lnet/minecraft/util/Identifier; in mixins.kura.json:gui.MixinInGameHud from mod kura should be final
[22:24:47] [Render thread/WARN] (FabricLoader/Mixin) @Final field WIDGETS_TEXTURE:Lnet/minecraft/util/Identifier; in mixins.kura.json:gui.MixinInGameHud from mod kura should be final
[22:24:47] [Render thread/INFO] (Minecraft) Reloading ResourceManager: vanilla, fabric (fabric-networking-api-v1, fabric-dimensions-v1, fabric-lifecycle-events-v1, fabric-transfer-api-v1, fabric-content-registries-v0, fabric-data-generation-api-v1, fabric-game-rule-api-v1, fabric-model-loading-api-v1, fabric-events-lifecycle-v0, fabric-models-v0, fabric-block-view-api-v2, fabric-registry-sync-v0, fabric-transitive-access-wideners-v1, fabric-rendering-fluids-v1, fabric-rendering-data-attachment-v1, fabric-blockrenderlayer-v1, fabric-key-binding-api-v1, fabric-command-api-v2, fabric-renderer-indigo, fabric-api-base, fabric-crash-report-info-v1, fabric-networking-v0, fabric-recipe-api-v1, fabric-renderer-api-v1, fabric-item-group-api-v1, fabric-sound-api-v1, kura, fabric-containers-v0, fabric-convention-tags-v1, fabric-biome-api-v1, fabric-item-api-v1, fabric-particles-v1, fabric-screen-api-v1, fabric-events-interaction-v0, fabric-rendering-v0, fabric-keybindings-v0, fabric-mining-level-api-v1, fabric-loot-api-v2, fabric-object-builder-api-v1, fabric-command-api-v1, fabric-resource-loader-v0, fabric-api, fabric-renderer-registries-v1, fabric-loot-tables-v1, fabric-gametest-api-v1, fabric-client-tags-api-v1, fabric-resource-conditions-api-v1, fabric-api-lookup-api-v1, fabric-commands-v0, fabric-message-api-v1, fabric-rendering-v1, fabric-entity-events-v1, fabric-screen-handler-api-v1, fabric-block-api-v1, fabricloader)
[22:24:47] [Worker-Main-1/ERROR] (ModNioResourcePack) Invalid path in mod resource-pack kura: kura:sounds/EZ.wav, ignoring
[22:24:47] [Worker-Main-1/ERROR] (ModNioResourcePack) Invalid path in mod resource-pack kura: kura:sounds/ModuleDisable.wav, ignoring
[22:24:47] [Worker-Main-1/ERROR] (ModNioResourcePack) Invalid path in mod resource-pack kura: kura:sounds/ModuleEnable.wav, ignoring
[22:24:47] [Worker-Main-1/ERROR] (ModNioResourcePack) Invalid path in mod resource-pack kura: kura:sounds/Sigma_Disable.wav, ignoring
[22:24:47] [Worker-Main-1/ERROR] (ModNioResourcePack) Invalid path in mod resource-pack kura: kura:sounds/Sigma_Enable.wav, ignoring
[22:24:47] [Worker-Main-3/INFO] (Minecraft) Found unifont_all_no_pua-15.0.06.hex, loading
[22:24:49] [Render thread/INFO] (Kura) Module Initialised
[22:24:49] [DefaultDispatcher-worker-26/ERROR] (Kura) Cant set value for TargetHUD,loaded default! Value name: MainColor
[22:24:49] [Render thread/INFO] (Minecraft) [System] [CHAT] §r§7[§r§bKura§7] §r FakePlayer is §cDisabled!
[22:24:49] [Render thread/WARN] (Minecraft) Missing sound for event: minecraft:item.goat_horn.play
[22:24:49] [Render thread/WARN] (Minecraft) Missing sound for event: minecraft:entity.goat.screaming.horn_break
[22:24:49] [Render thread/INFO] (Minecraft) OpenAL initialized on device OpenAL Soft on 扬声器 (Realtek(R) Audio)
[22:24:49] [Render thread/INFO] (Minecraft) Sound engine started
[22:24:50] [Render thread/INFO] (Minecraft) Created: 1024x512x4 minecraft:textures/atlas/blocks.png-atlas
[22:24:50] [Render thread/INFO] (Minecraft) Created: 256x256x4 minecraft:textures/atlas/signs.png-atlas
[22:24:50] [Render thread/INFO] (Minecraft) Created: 512x512x4 minecraft:textures/atlas/banner_patterns.png-atlas
[22:24:50] [Render thread/INFO] (Minecraft) Created: 512x512x4 minecraft:textures/atlas/shield_patterns.png-atlas
[22:24:50] [Render thread/INFO] (Minecraft) Created: 1024x1024x4 minecraft:textures/atlas/armor_trims.png-atlas
[22:24:50] [Render thread/INFO] (Minecraft) Created: 256x256x4 minecraft:textures/atlas/chest.png-atlas
[22:24:50] [Render thread/INFO] (Minecraft) Created: 128x64x4 minecraft:textures/atlas/decorated_pot.png-atlas
[22:24:50] [Render thread/INFO] (Minecraft) Created: 512x256x4 minecraft:textures/atlas/beds.png-atlas
[22:24:50] [Render thread/INFO] (Minecraft) Created: 512x256x4 minecraft:textures/atlas/shulker_boxes.png-atlas
[22:24:50] [Render thread/WARN] (Minecraft) Shader rendertype_entity_translucent_emissive could not find sampler named Sampler2 in the specified shader program.
[22:24:50] [Render thread/INFO] (Minecraft) Created: 256x256x0 minecraft:textures/atlas/particles.png-atlas
[22:24:50] [Render thread/INFO] (Minecraft) Created: 256x256x0 minecraft:textures/atlas/paintings.png-atlas
[22:24:50] [Render thread/INFO] (Minecraft) Created: 128x128x0 minecraft:textures/atlas/mob_effects.png-atlas
[22:24:50] [Realms Notification Availability checker #1/INFO] (Minecraft) Could not authorize you against Realms server: Invalid session id
[22:25:08] [Render thread/INFO] (Minecraft) Loaded 7 recipes
[22:25:08] [Render thread/INFO] (Minecraft) Loaded 1271 advancements
[22:25:08] [Render thread/INFO] (BiomeModificationImpl) Applied 0 biome modifications to 0 of 64 new biomes in 1.770 ms
[22:25:09] [Server thread/INFO] (Minecraft) Starting integrated minecraft server version 1.20.1
[22:25:09] [Server thread/INFO] (Minecraft) Generating keypair
[22:25:09] [Server thread/INFO] (Minecraft) Preparing start region for dimension minecraft:overworld
[22:25:11] [Render thread/INFO] (Minecraft) Preparing spawn area: 0%
[22:25:11] [Render thread/INFO] (Minecraft) Preparing spawn area: 0%
[22:25:11] [Render thread/INFO] (Minecraft) Preparing spawn area: 0%
[22:25:11] [Render thread/INFO] (Minecraft) Preparing spawn area: 0%
[22:25:11] [Render thread/INFO] (Minecraft) Preparing spawn area: 0%
[22:25:12] [Render thread/INFO] (Minecraft) Preparing spawn area: 66%
[22:25:12] [Render thread/INFO] (Minecraft) Time elapsed: 2606 ms
[22:25:12] [Server thread/INFO] (Minecraft) Changing view distance to 12, from 10
[22:25:12] [Server thread/INFO] (Minecraft) Changing simulation distance to 12, from 0
[22:25:13] [Server thread/INFO] (Minecraft) Player199[local:E:cf8abac1] logged in with entity id 228 at (29.80053180337222, 106.0, -2.699999988079071)
[22:25:13] [Server thread/INFO] (Minecraft) Player199 joined the game
[22:25:14] [Render thread/INFO] (Minecraft) Loaded 2 advancements
[22:25:14] [Render thread/INFO] (FabricLoader/Log) Connection state changed to: CONNECTING
[22:25:14] [pool-4-thread-1/INFO] (FabricLoader/Log) Connection state changed to: CONNECTED
[22:25:14] [nioEventLoopGroup-2-1/INFO] (FabricLoader/Log) Connected to server: /154.9.27.109:45600
[22:25:16] [nioEventLoopGroup-2-1/ERROR] (FabricLoader/Log) Disconnected from server.
[22:25:16] [Render thread/INFO] (FabricLoader/Log) Connection state changed to: CONNECTING
[22:25:16] [Render thread/INFO] (FabricLoader/Log) Client is already connected or connecting.
[22:25:16] [Render thread/INFO] (FabricLoader/Log) Client is already connected or connecting.
[22:25:16] [Render thread/INFO] (FabricLoader/Log) Client is already connected or connecting.
[22:25:16] [Render thread/INFO] (FabricLoader/Log) Client is already connected or connecting.
[22:25:16] [Render thread/INFO] (FabricLoader/Log) Client is already connected or connecting.
[22:25:16] [Render thread/INFO] (FabricLoader/Log) Client is already connected or connecting.
[22:25:16] [Render thread/INFO] (FabricLoader/Log) Client is already connected or connecting.
[22:25:16] [Render thread/INFO] (FabricLoader/Log) Client is already connected or connecting.
[22:25:16] [Render thread/INFO] (FabricLoader/Log) Client is already connected or connecting.
[22:25:16] [Render thread/INFO] (FabricLoader/Log) Client is already connected or connecting.
[22:25:16] [Render thread/INFO] (FabricLoader/Log) Client is already connected or connecting.
[22:25:16] [Render thread/INFO] (FabricLoader/Log) Client is already connected or connecting.
[22:25:16] [Render thread/INFO] (FabricLoader/Log) Client is already connected or connecting.
[22:25:16] [Render thread/INFO] (FabricLoader/Log) Client is already connected or connecting.
[22:25:16] [Server thread/INFO] (Minecraft) Saving and pausing game...
[22:25:16] [Render thread/INFO] (FabricLoader/Log) Client is already connected or connecting.
[22:25:16] [Render thread/INFO] (FabricLoader/Log) Client is already connected or connecting.
[22:25:16] [nioEventLoopGroup-3-1/INFO] (FabricLoader/Log) Connected to server: /154.9.27.109:45600
[22:25:16] [pool-4-thread-2/INFO] (FabricLoader/Log) Connection state changed to: CONNECTED
[22:25:16] [Server thread/INFO] (Minecraft) Saving chunks for level 'ServerLevel[New World]'/minecraft:overworld
[22:25:16] [Server thread/INFO] (Minecraft) Saving chunks for level 'ServerLevel[New World]'/minecraft:the_nether
[22:25:16] [Server thread/INFO] (Minecraft) Saving chunks for level 'ServerLevel[New World]'/minecraft:the_end
[22:25:18] [Render thread/INFO] (Minecraft) [System] [CHAT] §r§7[§r§bKura§7] §r ClickGUI is §aEnabled!
[22:25:20] [Render thread/INFO] (Minecraft) [System] [CHAT] §r§7[§r§bKura§7] §r HUDEditor is §aEnabled!
[22:25:20] [Render thread/INFO] (Minecraft) [System] [CHAT] §r§7[§r§bKura§7] §r ClickGUI is §cDisabled!
[22:25:21] [Render thread/INFO] (Minecraft) [System] [CHAT] §r§7[§r§bKura§7] §r HUDEditor is §cDisabled!
[22:25:24] [Render thread/INFO] (Minecraft) [System] [CHAT] §r§7[§r§bKura§7] §r ClickGUI is §aEnabled!
[22:25:26] [Render thread/INFO] (Minecraft) [System] [CHAT] §r§7[§r§bKura§7] §r FakePlayer is §aEnabled!
[22:25:26] [Render thread/INFO] (Minecraft) [System] [CHAT] §r§7[§r§bKura§7] §r ClickGUI is §cDisabled!
[22:25:28] [Render thread/INFO] (Minecraft) [System] [CHAT] §r§7[§r§bKura§7] §r ClickGUI is §aEnabled!
[22:25:29] [Render thread/INFO] (Minecraft) [System] [CHAT] §r§7[§r§bKura§7] §r HUDEditor is §aEnabled!
[22:25:29] [Render thread/INFO] (Minecraft) [System] [CHAT] §r§7[§r§bKura§7] §r ClickGUI is §cDisabled!
